
--- session started 2026-05-28T23:47:20-03:00 ---

═
  Polyglot Import CSV · run example
═
    CSV: data/ecommerce/ecommerce_join.csv
    Config: data/ecommerce/import_config.json
    Log file: /c/Users/DELL/Documents/polyglot-import-csv/logs/run_example_20260528_234720.log

  $ ./run_example.sh --fresh-start
    (from repo root: /c/Users/DELL/Documents/polyglot-import-csv)
    Prerequisite (once): pip install -e ".[dev]"

▸ Docker stack
─
  … Fresh start: remove containers, volumes, and images; re-download; bootstrap stack
  → Docker docker compose down -v --rmi all --remove-orphans

  $ docker_compose down -v --rmi all --remove-orphans

  $ env DOCKER_CLI_HINTS=false docker compose down -v --rmi all --remove-orphans
  → Docker docker compose pull --quiet
  → Docker docker compose up -d --wait

  $ env DOCKER_CLI_HINTS=false docker compose up -d --wait --quiet-pull
 Network polyglot-import-csv_default Creating 
 Network polyglot-import-csv_default Created 
 Container polyglot-import-csv-redis-1 Creating 
 Container polyglot-import-csv-neo4j-1 Creating 
 Container polyglot-import-csv-cassandra-1 Creating 
 Container polyglot-import-csv-mongodb-1 Creating 
 Container polyglot-import-csv-postgres-1 Creating 
 Container polyglot-import-csv-cassandra-1 Created 
 Container polyglot-import-csv-redis-1 Created 
 Container polyglot-import-csv-mongodb-1 Created 
 Container polyglot-import-csv-postgres-1 Created 
 Container polyglot-import-csv-neo4j-1 Created 
 Container polyglot-import-csv-cassandra-1 Starting 
 Container polyglot-import-csv-postgres-1 Starting 
 Container polyglot-import-csv-redis-1 Starting 
 Container polyglot-import-csv-mongodb-1 Starting 
 Container polyglot-import-csv-neo4j-1 Starting 
 Container polyglot-import-csv-postgres-1 Started 
 Container polyglot-import-csv-mongodb-1 Started 
 Container polyglot-import-csv-neo4j-1 Started 
 Container polyglot-import-csv-cassandra-1 Started 
 Container polyglot-import-csv-redis-1 Started 
 Container polyglot-import-csv-cassandra-1 Waiting 
 Container polyglot-import-csv-neo4j-1 Waiting 
 Container polyglot-import-csv-postgres-1 Waiting 
 Container polyglot-import-csv-redis-1 Waiting 
 Container polyglot-import-csv-mongodb-1 Waiting 
 Container polyglot-import-csv-redis-1 Healthy 
 Container polyglot-import-csv-mongodb-1 Healthy 
 Container polyglot-import-csv-postgres-1 Healthy 
 Container polyglot-import-csv-neo4j-1 Healthy 
 Container polyglot-import-csv-cassandra-1 Healthy 
  ✓ All database containers are healthy
  ✓ Fresh start complete (empty databases, images re-downloaded)

▸ Clean databases
─

  $ python scripts/inspect_persisted_data.py clean --config data/ecommerce/import_config.json
    log file: C:\Users\DELL\Documents\polyglot-import-csv\logs\run_example_20260528_234720.log

════════════════════════════════════════════════════════════════════════
  Polyglot Import CSV · Clean databases
  C:\Users\DELL\Documents\polyglot-import-csv\data\ecommerce\import_config.json
════════════════════════════════════════════════════════════════════════
  → Backends postgres, mongodb, cassandra, redis, neo4j

▸ PostgreSQL · clean · 127.0.0.1:5432
────────────────────────────────────────────────────────────────────────
    skip public.categories (not created yet)
    skip public.products (not created yet)
    skip public.inventory (not created yet)
    skip public.orders (not created yet)

▸ MongoDB · clean · ecommerce
────────────────────────────────────────────────────────────────────────
    deleted 0 document(s) from product_catalog

▸ Cassandra · clean · ecommerce
────────────────────────────────────────────────────────────────────────
    skip keyspace ecommerce (not created yet)

▸ Redis · clean · db=0
────────────────────────────────────────────────────────────────────────
    flushed db 0 on 127.0.0.1:6379

▸ Neo4j · clean
────────────────────────────────────────────────────────────────────────
    deleted all nodes and relationships
  ✓ Clean completed for 5 backend(s)

▸ Dry-run (no database connections)
─

  $ python -m polyglotimportcsv data/ecommerce/ecommerce_join.csv --config data/ecommerce/import_config.json --dry-run
    Log file: C:\Users\DELL\Documents\polyglot-import-csv\logs\run_example_20260528_234720.log

════════════════════════════════════════════════════════════════════════
  Polyglot Import CSV
  mode: dry-run
════════════════════════════════════════════════════════════════════════
  → Load config data\ecommerce\import_config.json
    5 backend(s) configured: postgres, mongodb, cassandra, redis, neo4j
  → Load CSV data\ecommerce\ecommerce_join.csv
    32 data row(s), 39 column(s)
  → Validate config × CSV
  ✓ Validation passed
    no database connections will be opened

▸ Backend · postgres
────────────────────────────────────────────────────────────────────────
  [postgres] dry-run: would connect and import entities.
    entity categories: 8 row(s) after dedupe
    entity products: 8 row(s) after dedupe
    entity inventory: 8 row(s) after dedupe
    entity orders: 8 row(s) after dedupe

▸ Backend · mongodb
────────────────────────────────────────────────────────────────────────
  [mongodb] dry-run: would insert documents.
    collection product_catalog: 8 document(s)

▸ Backend · cassandra
────────────────────────────────────────────────────────────────────────
  [cassandra] dry-run: would create tables and insert rows.
    table user_activity_log: 32 row(s)

▸ Backend · redis
────────────────────────────────────────────────────────────────────────
  [redis] dry-run: would SET keys for entities.
    entity shopping_cart: 8 row(s)
    entity user_session: 8 row(s)

▸ Backend · neo4j
────────────────────────────────────────────────────────────────────────
  [neo4j] dry-run: would MERGE nodes and relationships.
    label User: 8 row(s)
    label Product: 8 row(s)
    relationship type PURCHASED
  ✓ Finished dry-run — 16 log line(s) from importer(s)

▸ Import
─

  $ python -m polyglotimportcsv data/ecommerce/ecommerce_join.csv --config data/ecommerce/import_config.json --create-schema
    Log file: C:\Users\DELL\Documents\polyglot-import-csv\logs\run_example_20260528_234720.log

════════════════════════════════════════════════════════════════════════
  Polyglot Import CSV
  mode: import
════════════════════════════════════════════════════════════════════════
  → Load config data\ecommerce\import_config.json
    5 backend(s) configured: postgres, mongodb, cassandra, redis, neo4j
  → Load CSV data\ecommerce\ecommerce_join.csv
    32 data row(s), 39 column(s)
  → Validate config × CSV
  ✓ Validation passed
    DDL will be created where applicable (--create-schema)

▸ Backend · postgres
────────────────────────────────────────────────────────────────────────
  [postgres] inserted 8 row(s) into public.categories
  [postgres] inserted 8 row(s) into public.products
  [postgres] inserted 8 row(s) into public.inventory
  [postgres] inserted 8 row(s) into public.orders

▸ Backend · mongodb
────────────────────────────────────────────────────────────────────────
  [mongodb] inserted 8 document(s) into product_catalog

▸ Backend · cassandra
────────────────────────────────────────────────────────────────────────
  [cassandra] inserted 32 row(s) into ecommerce.user_activity_log

▸ Backend · redis
────────────────────────────────────────────────────────────────────────
  [redis] SET 8 key(s) for shopping_cart
  [redis] SET 8 key(s) for user_session

▸ Backend · neo4j
────────────────────────────────────────────────────────────────────────
  [neo4j] merged 8 node(s) :User
  [neo4j] merged 8 node(s) :Product
  [neo4j] merged 8 relationship(s) :PURCHASED
  ✓ Finished import — 11 log line(s) from importer(s)

▸ Inspect persisted data
─

  $ python scripts/inspect_persisted_data.py inspect --config data/ecommerce/import_config.json
    log file: C:\Users\DELL\Documents\polyglot-import-csv\logs\run_example_20260528_234720.log

════════════════════════════════════════════════════════════════════════
  Polyglot Import CSV · Inspect persisted data
  C:\Users\DELL\Documents\polyglot-import-csv\data\ecommerce\import_config.json
════════════════════════════════════════════════════════════════════════
  → Backends postgres, mongodb, cassandra, redis, neo4j

▸ PostgreSQL · 127.0.0.1:5432/ecommerce
────────────────────────────────────────────────────────────────────────
  table public.categories: 8 row(s)
    [1] {"category_id": 2, "category_name": "Categoria2"}
    [2] {"category_id": 3, "category_name": "Categoria3"}
    [3] {"category_id": 4, "category_name": "Categoria4"}
    [4] {"category_id": 5, "category_name": "Categoria5"}
    [5] {"category_id": 6, "category_name": "Categoria6"}
    [6] {"category_id": 7, "category_name": "Categoria7"}
    [7] {"category_id": 8, "category_name": "Categoria8"}
    [8] {"category_id": 9, "category_name": "Categoria9"}
  table public.products: 8 row(s)
    [1] {"product_id": 2, "product_name": "Product2", "product_variant": "blue", "product_brand": "Microsoft", "category_id": 2, "price": "50.50"}
    [2] {"product_id": 3, "product_name": "Product3", "product_variant": "green", "product_brand": "Google", "category_id": 3, "price": "52.07"}
    [3] {"product_id": 4, "product_name": "Product4", "product_variant": "yellow", "product_brand": "Apple", "category_id": 4, "price": "55.94"}
    [4] {"product_id": 5, "product_name": "Product5", "product_variant": "red", "product_brand": "Samsung", "category_id": 5, "price": "34.21"}
    [5] {"product_id": 6, "product_name": "Product6", "product_variant": "orange", "product_brand": "Coca-Cola", "category_id": 6, "price": "51.98"}
    [6] {"product_id": 7, "product_name": "Product7", "product_variant": "grey", "product_brand": "Audi", "category_id": 7, "price": "100000.00"}
    [7] {"product_id": 8, "product_name": "Product8", "product_variant": "white", "product_brand": "Google", "category_id": 8, "price": "46.79"}
    [8] {"product_id": 9, "product_name": "Product9", "product_variant": "black", "product_brand": "Pepsi", "category_id": 9, "price": "32.78"}
  table public.inventory: 8 row(s)
    [1] {"product_id": 2, "quantity_available": 2, "last_restock_date": "2023-11-02 03:30:00+00:00", "price": "50.50"}
    [2] {"product_id": 3, "quantity_available": 1, "last_restock_date": "2023-11-02 06:45:00+00:00", "price": "52.07"}
    [3] {"product_id": 4, "quantity_available": 82, "last_restock_date": "2023-11-02 14:30:00+00:00", "price": "55.94"}
    [4] {"product_id": 5, "quantity_available": 57, "last_restock_date": "2023-11-02 17:15:00+00:00", "price": "34.21"}
    [5] {"product_id": 6, "quantity_available": 64, "last_restock_date": "2023-11-02 20:00:00+00:00", "price": "51.98"}
    [6] {"product_id": 7, "quantity_available": 1, "last_restock_date": "2023-11-02 22:30:00+00:00", "price": "100000.00"}
    [7] {"product_id": 8, "quantity_available": 60, "last_restock_date": "2023-11-02 12:00:00+00:00", "price": "46.79"}
    [8] {"product_id": 9, "quantity_available": 67, "last_restock_date": "2023-11-02 09:15:00+00:00", "price": "32.78"}
  table public.orders: 8 row(s)
    [1] {"order_number": "ORD1", "user_id": "7fd7eee7-4675-4f56-ad81-108da6cecebc", "order_date": "2023-11-03 19:30:00+00:00", "order_status": "Completed", "payment_method": "cash", "quantity": 1, "product_id": 2, "price": "50.50", "comment": "Bad", "rating": 2}
    [2] {"order_number": "ORD2", "user_id": "f246fb91-e47d-44e8-a015-ce5dfd2cb8d1", "order_date": "2023-11-03 15:30:00+00:00", "order_status": "Completed", "payment_method": "cash", "quantity": 1, "product_id": 3, "price": "52.07", "comment": "Bom", "rating": 4}
    [3] {"order_number": "ORD3", "user_id": "09b3458a-9d1d-4708-8d2d-3eb5fadbac9b", "order_date": "2023-11-05 18:30:00+00:00", "order_status": "Completed", "payment_method": "credit_card", "quantity": 1, "product_id": 4, "price": "55.94", "comment": "Médio", "rating": 3}
    [4] {"order_number": "ORD4", "user_id": "1fd3d09a-a310-4a46-bfdf-37f2f9935a8c", "order_date": "2023-11-07 19:20:00+00:00", "order_status": "Completed", "payment_method": "credit_card", "quantity": 1, "product_id": 5, "price": "34.21", "comment": "Ótimo produto", "rating": 5}
    [5] {"order_number": "ORD5", "user_id": "0331463b-7e62-44ed-945f-6b3c8195245b", "order_date": "2023-11-09 15:30:00+00:00", "order_status": "Completed", "payment_method": "credit_card", "quantity": 1, "product_id": 6, "price": "51.98", "comment": "Não gostei", "rating": 1}
    [6] {"order_number": "ORD6", "user_id": "f4857da9-c991-4bc6-b0a9-a4277c005956", "order_date": "2023-11-10 15:30:00+00:00", "order_status": "Completed", "payment_method": "credit_card", "quantity": 1, "product_id": 7, "price": "100000.00", "comment": "", "rating": 5}
    [7] {"order_number": "ORD7", "user_id": "a87df805-ad1b-4ae9-b5ad-cbb64ce9e475", "order_date": "2023-11-11 15:30:00+00:00", "order_status": "Completed", "payment_method": "credit_card", "quantity": 1, "product_id": 8, "price": "46.79", "comment": "Reprovado", "rating": 1}
    [8] {"order_number": "ORD8", "user_id": "c11a1ef2-c7c0-4a47-8128-16dc3da9d72b", "order_date": "2023-11-14 15:30:00+00:00", "order_status": "Completed", "payment_method": "credit_card", "quantity": 1, "product_id": 9, "price": "32.78", "comment": "Bom, bonito e barato", "rating": 4}

▸ MongoDB · ecommerce
────────────────────────────────────────────────────────────────────────
  collection product_catalog: 8 row(s)
    [1] {"product_id": "2", "product_name": "Product2", "product_variant": "blue", "product_brand": "Microsoft", "product_description": "Description1", "product_image": "https://example.com/image1.jpg", "price": "50.5", "category": {"category_id": "2", "category_name": "Categoria2"}, "stock": {"quantity_available": "2", "last_restock_date": "2023-11-02 03:30:00Z"}}
    [2] {"product_id": "3", "product_name": "Product3", "product_variant": "green", "product_brand": "Google", "product_description": "Description2", "product_image": "https://example.com/image2.jpg", "price": "52.07", "category": {"category_id": "3", "category_name": "Categoria3"}, "stock": {"quantity_available": "1", "last_restock_date": "2023-11-02 06:45:00Z"}}
    [3] {"product_id": "9", "product_name": "Product9", "product_variant": "black", "product_brand": "Pepsi", "product_description": "Description8", "product_image": "https://example.com/image8.jpg", "price": "32.78", "category": {"category_id": "9", "category_name": "Categoria9"}, "stock": {"quantity_available": "67", "last_restock_date": "2023-11-02 09:15:00Z"}}
    [4] {"product_id": "8", "product_name": "Product8", "product_variant": "white", "product_brand": "Google", "product_description": "Description7", "product_image": "https://example.com/image7.jpg", "price": "46.79", "category": {"category_id": "8", "category_name": "Categoria8"}, "stock": {"quantity_available": "60", "last_restock_date": "2023-11-02 12:00:00Z"}}
    [5] {"product_id": "4", "product_name": "Product4", "product_variant": "yellow", "product_brand": "Apple", "product_description": "Description3", "product_image": "https://example.com/image3.jpg", "price": "55.94", "category": {"category_id": "4", "category_name": "Categoria4"}, "stock": {"quantity_available": "82", "last_restock_date": "2023-11-02 14:30:00Z"}}
    [6] {"product_id": "5", "product_name": "Product5", "product_variant": "red", "product_brand": "Samsung", "product_description": "Description4", "product_image": "https://example.com/image4.jpg", "price": "34.21", "category": {"category_id": "5", "category_name": "Categoria5"}, "stock": {"quantity_available": "57", "last_restock_date": "2023-11-02 17:15:00Z"}}
    [7] {"product_id": "6", "product_name": "Product6", "product_variant": "orange", "product_brand": "Coca-Cola", "product_description": "Description5", "product_image": "https://example.com/image5.jpg", "price": "51.98", "category": {"category_id": "6", "category_name": "Categoria6"}, "stock": {"quantity_available": "64", "last_restock_date": "2023-11-02 20:00:00Z"}}
    [8] {"product_id": "7", "product_name": "Product7", "product_variant": "grey", "product_brand": "Audi", "product_description": "Description6", "product_image": "https://example.com/image6.jpg", "price": "100000", "category": {"category_id": "7", "category_name": "Categoria7"}, "stock": {"quantity_available": "1", "last_restock_date": "2023-11-02 22:30:00Z"}}

▸ Cassandra · ecommerce @ ['127.0.0.1']:9042
────────────────────────────────────────────────────────────────────────
  table ecommerce.user_activity_log: 32 row(s)
    [1] {"user_id": "c11a1ef2-c7c0-4a47-8128-16dc3da9d72b", "event_time": "2023-11-02 12:00:00Z", "event_type": "stock", "order_number": "", "product_id": "8", "selected_product_id": "", "shopping_cart_id": ""}
    [2] {"user_id": "c11a1ef2-c7c0-4a47-8128-16dc3da9d72b", "event_time": "2023-11-19 15:18:30Z", "event_type": "select_product", "order_number": "", "product_id": "", "selected_product_id": "17", "shopping_cart_id": ""}
    [3] {"user_id": "c11a1ef2-c7c0-4a47-8128-16dc3da9d72b", "event_time": "2023-11-19 15:29:30Z", "event_type": "add_to_cart", "order_number": "", "product_id": "", "selected_product_id": "", "shopping_cart_id": "user:c11a1ef2-c7c0-4a47-8128-16dc3da9d72b:cart"}
    [4] {"user_id": "c11a1ef2-c7c0-4a47-8128-16dc3da9d72b", "event_time": "2023-11-19 15:46:30Z", "event_type": "purchase", "order_number": "ORD8", "product_id": "9", "selected_product_id": "", "shopping_cart_id": ""}
    [5] {"user_id": "d0416923-7c07-4690-a2b1-4a6bd886985e", "event_time": "2023-11-02 14:30:00Z", "event_type": "stock", "order_number": "", "product_id": "4", "selected_product_id": "", "shopping_cart_id": ""}
    [6] {"user_id": "d0416923-7c07-4690-a2b1-4a6bd886985e", "event_time": "2023-11-02 17:15:00Z", "event_type": "stock", "order_number": "", "product_id": "5", "selected_product_id": "", "shopping_cart_id": ""}
    [7] {"user_id": "d0416923-7c07-4690-a2b1-4a6bd886985e", "event_time": "2023-11-02 20:00:00Z", "event_type": "stock", "order_number": "", "product_id": "6", "selected_product_id": "", "shopping_cart_id": ""}
    [8] {"user_id": "d0416923-7c07-4690-a2b1-4a6bd886985e", "event_time": "2023-11-02 22:30:00Z", "event_type": "stock", "order_number": "", "product_id": "7", "selected_product_id": "", "shopping_cart_id": ""}
    [9] {"user_id": "0331463b-7e62-44ed-945f-6b3c8195245b", "event_time": "2023-11-17 21:56:30Z", "event_type": "select_product", "order_number": "", "product_id": "", "selected_product_id": "14", "shopping_cart_id": ""}
    [10] {"user_id": "0331463b-7e62-44ed-945f-6b3c8195245b", "event_time": "2023-11-17 22:11:30Z", "event_type": "add_to_cart", "order_number": "", "product_id": "", "selected_product_id": "", "shopping_cart_id": "user:0331463b-7e62-44ed-945f-6b3c8195245b:cart"}
    [11] {"user_id": "0331463b-7e62-44ed-945f-6b3c8195245b", "event_time": "2023-11-17 22:46:30Z", "event_type": "purchase", "order_number": "ORD5", "product_id": "6", "selected_product_id": "", "shopping_cart_id": ""}
    [12] {"user_id": "1fd3d09a-a310-4a46-bfdf-37f2f9935a8c", "event_time": "2023-11-17 06:05:30Z", "event_type": "select_product", "order_number": "", "product_id": "", "selected_product_id": "14", "shopping_cart_id": ""}
    [13] {"user_id": "1fd3d09a-a310-4a46-bfdf-37f2f9935a8c", "event_time": "2023-11-17 06:14:30Z", "event_type": "add_to_cart", "order_number": "", "product_id": "", "selected_product_id": "", "shopping_cart_id": "user:1fd3d09a-a310-4a46-bfdf-37f2f9935a8c:cart"}
    [14] {"user_id": "1fd3d09a-a310-4a46-bfdf-37f2f9935a8c", "event_time": "2023-11-17 06:46:30Z", "event_type": "purchase", "order_number": "ORD4", "product_id": "5", "selected_product_id": "", "shopping_cart_id": ""}
    [15] {"user_id": "09b3458a-9d1d-4708-8d2d-3eb5fadbac9b", "event_time": "2023-11-16 17:50:30Z", "event_type": "select_product", "order_number": "", "product_id": "", "selected_product_id": "22", "shopping_cart_id": ""}
    [16] {"user_id": "09b3458a-9d1d-4708-8d2d-3eb5fadbac9b", "event_time": "2023-11-16 18:08:30Z", "event_type": "add_to_cart", "order_number": "", "product_id": "", "selected_product_id": "", "shopping_cart_id": "user:09b3458a-9d1d-4708-8d2d-3eb5fadbac9b:cart"}
    [17] {"user_id": "09b3458a-9d1d-4708-8d2d-3eb5fadbac9b", "event_time": "2023-11-16 18:46:30Z", "event_type": "purchase", "order_number": "ORD3", "product_id": "4", "selected_product_id": "", "shopping_cart_id": ""}
    [18] {"user_id": "f4857da9-c991-4bc6-b0a9-a4277c005956", "event_time": "2023-11-18 10:09:30Z", "event_type": "select_product", "order_number": "", "product_id": "", "selected_product_id": "21", "shopping_cart_id": ""}
    [19] {"user_id": "f4857da9-c991-4bc6-b0a9-a4277c005956", "event_time": "2023-11-18 10:21:30Z", "event_type": "add_to_cart", "order_number": "", "product_id": "", "selected_product_id": "", "shopping_cart_id": "user:f4857da9-c991-4bc6-b0a9-a4277c005956:cart"}
    [20] {"user_id": "f4857da9-c991-4bc6-b0a9-a4277c005956", "event_time": "2023-11-18 10:46:30Z", "event_type": "purchase", "order_number": "ORD6", "product_id": "7", "selected_product_id": "", "shopping_cart_id": ""}
    [21] {"user_id": "a87df805-ad1b-4ae9-b5ad-cbb64ce9e475", "event_time": "2023-11-18 23:20:30Z", "event_type": "select_product", "order_number": "", "product_id": "", "selected_product_id": "33", "shopping_cart_id": ""}
    [22] {"user_id": "a87df805-ad1b-4ae9-b5ad-cbb64ce9e475", "event_time": "2023-11-18 23:34:30Z", "event_type": "add_to_cart", "order_number": "", "product_id": "", "selected_product_id": "", "shopping_cart_id": "user:a87df805-ad1b-4ae9-b5ad-cbb64ce9e475:cart"}
    [23] {"user_id": "a87df805-ad1b-4ae9-b5ad-cbb64ce9e475", "event_time": "2023-11-18 23:46:30Z", "event_type": "purchase", "order_number": "ORD7", "product_id": "8", "selected_product_id": "", "shopping_cart_id": ""}
    [24] {"user_id": "7fd7eee7-4675-4f56-ad81-108da6cecebc", "event_time": "2023-11-02 03:30:00Z", "event_type": "stock", "order_number": "", "product_id": "2", "selected_product_id": "", "shopping_cart_id": ""}
    [25] {"user_id": "7fd7eee7-4675-4f56-ad81-108da6cecebc", "event_time": "2023-11-15 15:09:30Z", "event_type": "select_product", "order_number": "", "product_id": "", "selected_product_id": "11", "shopping_cart_id": ""}
    [26] {"user_id": "7fd7eee7-4675-4f56-ad81-108da6cecebc", "event_time": "2023-11-15 15:17:30Z", "event_type": "add_to_cart", "order_number": "", "product_id": "", "selected_product_id": "", "shopping_cart_id": "user:7fd7eee7-4675-4f56-ad81-108da6cecebc:cart"}
    [27] {"user_id": "7fd7eee7-4675-4f56-ad81-108da6cecebc", "event_time": "2023-11-15 15:46:30Z", "event_type": "purchase", "order_number": "ORD1", "product_id": "2", "selected_product_id": "", "shopping_cart_id": ""}
    [28] {"user_id": "f246fb91-e47d-44e8-a015-ce5dfd2cb8d1", "event_time": "2023-11-02 06:45:00Z", "event_type": "stock", "order_number": "", "product_id": "3", "selected_product_id": "", "shopping_cart_id": ""}
    [29] {"user_id": "f246fb91-e47d-44e8-a015-ce5dfd2cb8d1", "event_time": "2023-11-02 09:15:00Z", "event_type": "stock", "order_number": "", "product_id": "9", "selected_product_id": "", "shopping_cart_id": ""}
    [30] {"user_id": "f246fb91-e47d-44e8-a015-ce5dfd2cb8d1", "event_time": "2023-11-16 03:11:30Z", "event_type": "select_product", "order_number": "", "product_id": "", "selected_product_id": "12", "shopping_cart_id": ""}
    [31] {"user_id": "f246fb91-e47d-44e8-a015-ce5dfd2cb8d1", "event_time": "2023-11-16 03:27:30Z", "event_type": "add_to_cart", "order_number": "", "product_id": "", "selected_product_id": "", "shopping_cart_id": "user:f246fb91-e47d-44e8-a015-ce5dfd2cb8d1:cart"}
    [32] {"user_id": "f246fb91-e47d-44e8-a015-ce5dfd2cb8d1", "event_time": "2023-11-16 03:46:30Z", "event_type": "purchase", "order_number": "ORD2", "product_id": "3", "selected_product_id": "", "shopping_cart_id": ""}

▸ Redis · db=0 @ 127.0.0.1:6379
────────────────────────────────────────────────────────────────────────
    16 key(s) in database
    entity config: shopping_cart
    entity config: user_session
    key='0331463b-7e62-44ed-945f-6b3c8195245b'  value={"user_name": "user5", "user_email": "user5@example.com", "last_seen": "2023-11-17 21:56:30Z"}
    key='09b3458a-9d1d-4708-8d2d-3eb5fadbac9b'  value={"user_name": "user3", "user_email": "user3@example.com", "last_seen": "2023-11-16 17:50:30Z"}
    key='1fd3d09a-a310-4a46-bfdf-37f2f9935a8c'  value={"user_name": "user4", "user_email": "user4@example.com", "last_seen": "2023-11-17 06:05:30Z"}
    key='7fd7eee7-4675-4f56-ad81-108da6cecebc'  value={"user_name": "user1", "user_email": "user1@example.com", "last_seen": "2023-11-15 15:09:30Z"}
    key='a87df805-ad1b-4ae9-b5ad-cbb64ce9e475'  value={"user_name": "user7", "user_email": "user7@example.com", "last_seen": "2023-11-18 23:20:30Z"}
    key='c11a1ef2-c7c0-4a47-8128-16dc3da9d72b'  value={"user_name": "user8", "user_email": "user8@example.com", "last_seen": "2023-11-19 15:18:30Z"}
    key='f246fb91-e47d-44e8-a015-ce5dfd2cb8d1'  value={"user_name": "user2", "user_email": "user2@example.com", "last_seen": "2023-11-16 03:11:30Z"}
    key='f4857da9-c991-4bc6-b0a9-a4277c005956'  value={"user_name": "user6", "user_email": "user6@example.com", "last_seen": "2023-11-18 10:09:30Z"}
    key='user:0331463b-7e62-44ed-945f-6b3c8195245b:cart'  value={"cart_product_id": "2", "cart_quantity": "1"}
    key='user:09b3458a-9d1d-4708-8d2d-3eb5fadbac9b:cart'  value={"cart_product_id": "2", "cart_quantity": "1"}
    key='user:1fd3d09a-a310-4a46-bfdf-37f2f9935a8c:cart'  value={"cart_product_id": "2", "cart_quantity": "1"}
    key='user:7fd7eee7-4675-4f56-ad81-108da6cecebc:cart'  value={"cart_product_id": "3", "cart_quantity": "1"}
    key='user:a87df805-ad1b-4ae9-b5ad-cbb64ce9e475:cart'  value={"cart_product_id": "2", "cart_quantity": "1"}
    key='user:c11a1ef2-c7c0-4a47-8128-16dc3da9d72b:cart'  value={"cart_product_id": "2", "cart_quantity": "1"}
    key='user:f246fb91-e47d-44e8-a015-ce5dfd2cb8d1:cart'  value={"cart_product_id": "2", "cart_quantity": "1"}
    key='user:f4857da9-c991-4bc6-b0a9-a4277c005956:cart'  value={"cart_product_id": "2", "cart_quantity": "1"}

▸ Neo4j · bolt://127.0.0.1:7687
────────────────────────────────────────────────────────────────────────
  nodes :User: 8 row(s)
    [1] {"user_email": "user1@example.com", "user_id": "7fd7eee7-4675-4f56-ad81-108da6cecebc", "user_name": "user1"}
    [2] {"user_email": "user2@example.com", "user_id": "f246fb91-e47d-44e8-a015-ce5dfd2cb8d1", "user_name": "user2"}
    [3] {"user_email": "user3@example.com", "user_id": "09b3458a-9d1d-4708-8d2d-3eb5fadbac9b", "user_name": "user3"}
    [4] {"user_email": "user4@example.com", "user_id": "1fd3d09a-a310-4a46-bfdf-37f2f9935a8c", "user_name": "user4"}
    [5] {"user_email": "user5@example.com", "user_id": "0331463b-7e62-44ed-945f-6b3c8195245b", "user_name": "user5"}
    [6] {"user_email": "user6@example.com", "user_id": "f4857da9-c991-4bc6-b0a9-a4277c005956", "user_name": "user6"}
    [7] {"user_email": "user7@example.com", "user_id": "a87df805-ad1b-4ae9-b5ad-cbb64ce9e475", "user_name": "user7"}
    [8] {"user_email": "user8@example.com", "user_id": "c11a1ef2-c7c0-4a47-8128-16dc3da9d72b", "user_name": "user8"}
  nodes :Product: 8 row(s)
    [1] {"product_id": "2", "product_brand": "Microsoft", "product_name": "Product2"}
    [2] {"product_id": "3", "product_brand": "Google", "product_name": "Product3"}
    [3] {"product_id": "9", "product_brand": "Pepsi", "product_name": "Product9"}
    [4] {"product_id": "8", "product_brand": "Google", "product_name": "Product8"}
    [5] {"product_id": "4", "product_brand": "Apple", "product_name": "Product4"}
    [6] {"product_id": "5", "product_brand": "Samsung", "product_name": "Product5"}
    [7] {"product_id": "6", "product_brand": "Coca-Cola", "product_name": "Product6"}
    [8] {"product_id": "7", "product_brand": "Audi", "product_name": "Product7"}
  relationships :PURCHASED: 8 row(s)
    [1] {"from": {"labels": ["User"], "props": {"user_email": "user1@example.com", "user_id": "7fd7eee7-4675-4f56-ad81-108da6cecebc", "user_name": "user1"}}, "rel": {"type": "PURCHASED", "props": {"quantity": "1", "price": "50.5", "order_number": "ORD1", "rating": "2"}}, "to": {"labels": ["Product"], "props": {"product_id": "2", "product_brand": "Microsoft", "product_name": "Product2"}}}
    [2] {"from": {"labels": ["User"], "props": {"user_email": "user2@example.com", "user_id": "f246fb91-e47d-44e8-a015-ce5dfd2cb8d1", "user_name": "user2"}}, "rel": {"type": "PURCHASED", "props": {"quantity": "1", "price": "52.07", "order_number": "ORD2", "rating": "4"}}, "to": {"labels": ["Product"], "props": {"product_id": "3", "product_brand": "Google", "product_name": "Product3"}}}
    [3] {"from": {"labels": ["User"], "props": {"user_email": "user3@example.com", "user_id": "09b3458a-9d1d-4708-8d2d-3eb5fadbac9b", "user_name": "user3"}}, "rel": {"type": "PURCHASED", "props": {"quantity": "1", "price": "55.94", "order_number": "ORD3", "rating": "3"}}, "to": {"labels": ["Product"], "props": {"product_id": "4", "product_brand": "Apple", "product_name": "Product4"}}}
    [4] {"from": {"labels": ["User"], "props": {"user_email": "user4@example.com", "user_id": "1fd3d09a-a310-4a46-bfdf-37f2f9935a8c", "user_name": "user4"}}, "rel": {"type": "PURCHASED", "props": {"quantity": "1", "price": "34.21", "order_number": "ORD4", "rating": "5"}}, "to": {"labels": ["Product"], "props": {"product_id": "5", "product_brand": "Samsung", "product_name": "Product5"}}}
    [5] {"from": {"labels": ["User"], "props": {"user_email": "user5@example.com", "user_id": "0331463b-7e62-44ed-945f-6b3c8195245b", "user_name": "user5"}}, "rel": {"type": "PURCHASED", "props": {"quantity": "1", "price": "51.98", "order_number": "ORD5", "rating": "1"}}, "to": {"labels": ["Product"], "props": {"product_id": "6", "product_brand": "Coca-Cola", "product_name": "Product6"}}}
    [6] {"from": {"labels": ["User"], "props": {"user_email": "user6@example.com", "user_id": "f4857da9-c991-4bc6-b0a9-a4277c005956", "user_name": "user6"}}, "rel": {"type": "PURCHASED", "props": {"quantity": "1", "price": "100000", "order_number": "ORD6", "rating": "5"}}, "to": {"labels": ["Product"], "props": {"product_id": "7", "product_brand": "Audi", "product_name": "Product7"}}}
    [7] {"from": {"labels": ["User"], "props": {"user_email": "user7@example.com", "user_id": "a87df805-ad1b-4ae9-b5ad-cbb64ce9e475", "user_name": "user7"}}, "rel": {"type": "PURCHASED", "props": {"quantity": "1", "price": "46.79", "order_number": "ORD7", "rating": "1"}}, "to": {"labels": ["Product"], "props": {"product_id": "8", "product_brand": "Google", "product_name": "Product8"}}}
    [8] {"from": {"labels": ["User"], "props": {"user_email": "user8@example.com", "user_id": "c11a1ef2-c7c0-4a47-8128-16dc3da9d72b", "user_name": "user8"}}, "rel": {"type": "PURCHASED", "props": {"quantity": "1", "price": "32.78", "order_number": "ORD8", "rating": "4"}}, "to": {"labels": ["Product"], "props": {"product_id": "9", "product_brand": "Pepsi", "product_name": "Product9"}}}
  ✓ Inspect completed for 5 backend(s)

  ✓ All requested steps completed
    Log saved to: /c/Users/DELL/Documents/polyglot-import-csv/logs/run_example_20260528_234720.log
